<?xml version="1.0" encoding="UTF-8"?>
<testsuite name="com.crud.tasks.controller.TaskControllerTest" tests="6" skipped="0" failures="0" errors="0" timestamp="2021-12-11T14:42:09" hostname="MacBook-Pro-Mateusz.local" time="0.061">
  <properties/>
  <testcase name="testUpdateTask()" classname="com.crud.tasks.controller.TaskControllerTest" time="0.015"/>
  <testcase name="testFetchTask()" classname="com.crud.tasks.controller.TaskControllerTest" time="0.011"/>
  <testcase name="testFetchTasks()" classname="com.crud.tasks.controller.TaskControllerTest" time="0.009"/>
  <testcase name="testFetchTasks_returnsEmptyList()" classname="com.crud.tasks.controller.TaskControllerTest" time="0.005"/>
  <testcase name="testCreateTask()" classname="com.crud.tasks.controller.TaskControllerTest" time="0.007"/>
  <testcase name="testDeleteTask()" classname="com.crud.tasks.controller.TaskControllerTest" time="0.007"/>
  <system-out><![CDATA[2021-12-11 15:42:09.308  INFO 80984 --- [    Test worker] o.s.t.c.support.AbstractContextLoader    : Could not detect default resource locations for test class [com.crud.tasks.controller.TaskControllerTest]: no resource found for suffixes {-context.xml, Context.groovy}.
2021-12-11 15:42:09.309  INFO 80984 --- [    Test worker] t.c.s.AnnotationConfigContextLoaderUtils : Could not detect default configuration classes for test class [com.crud.tasks.controller.TaskControllerTest]: TaskControllerTest does not declare any static, non-private, non-final, nested classes annotated with @Configuration.
2021-12-11 15:42:09.314  INFO 80984 --- [    Test worker] .b.t.c.SpringBootTestContextBootstrapper : Found @SpringBootConfiguration com.crud.tasks.TasksApplication for test class com.crud.tasks.controller.TaskControllerTest
2021-12-11 15:42:09.315  INFO 80984 --- [    Test worker] .b.t.a.w.s.WebMvcTestContextBootstrapper : Loaded default TestExecutionListener class names from location [META-INF/spring.factories]: [org.springframework.boot.test.autoconfigure.restdocs.RestDocsTestExecutionListener, org.springframework.boot.test.autoconfigure.web.client.MockRestServiceServerResetTestExecutionListener, org.springframework.boot.test.autoconfigure.web.servlet.MockMvcPrintOnlyOnFailureTestExecutionListener, org.springframework.boot.test.autoconfigure.web.servlet.WebDriverTestExecutionListener, org.springframework.boot.test.autoconfigure.webservices.client.MockWebServiceServerTestExecutionListener, org.springframework.boot.test.mock.mockito.MockitoTestExecutionListener, org.springframework.boot.test.mock.mockito.ResetMocksTestExecutionListener, org.springframework.test.context.web.ServletTestExecutionListener, org.springframework.test.context.support.DirtiesContextBeforeModesTestExecutionListener, org.springframework.test.context.event.ApplicationEventsTestExecutionListener, org.springframework.test.context.support.DependencyInjectionTestExecutionListener, org.springframework.test.context.support.DirtiesContextTestExecutionListener, org.springframework.test.context.transaction.TransactionalTestExecutionListener, org.springframework.test.context.jdbc.SqlScriptsTestExecutionListener, org.springframework.test.context.event.EventPublishingTestExecutionListener]
2021-12-11 15:42:09.316  INFO 80984 --- [    Test worker] .b.t.a.w.s.WebMvcTestContextBootstrapper : Using TestExecutionListeners: [org.springframework.test.context.web.ServletTestExecutionListener@313dc3fa, org.springframework.test.context.support.DirtiesContextBeforeModesTestExecutionListener@31ba6d17, org.springframework.test.context.event.ApplicationEventsTestExecutionListener@334933c5, org.springframework.boot.test.mock.mockito.MockitoTestExecutionListener@4a1d5822, org.springframework.boot.test.autoconfigure.SpringBootDependencyInjectionTestExecutionListener@15e07088, org.springframework.test.context.support.DirtiesContextTestExecutionListener@77d075f6, org.springframework.test.context.transaction.TransactionalTestExecutionListener@dfda7d2, org.springframework.test.context.jdbc.SqlScriptsTestExecutionListener@2d013207, org.springframework.test.context.event.EventPublishingTestExecutionListener@3b73631f, org.springframework.boot.test.autoconfigure.restdocs.RestDocsTestExecutionListener@4f78de42, org.springframework.boot.test.autoconfigure.web.client.MockRestServiceServerResetTestExecutionListener@2f5b2348, org.springframework.boot.test.autoconfigure.web.servlet.MockMvcPrintOnlyOnFailureTestExecutionListener@beeadae, org.springframework.boot.test.autoconfigure.web.servlet.WebDriverTestExecutionListener@2b254c57, org.springframework.boot.test.autoconfigure.webservices.client.MockWebServiceServerTestExecutionListener@22260dbf, org.springframework.boot.test.mock.mockito.ResetMocksTestExecutionListener@54113bd0]

  .   ____          _            __ _ _
 /\\ / ___'_ __ _ _(_)_ __  __ _ \ \ \ \
( ( )\___ | '_ | '_| | '_ \/ _` | \ \ \ \
 \\/  ___)| |_)| | | | | || (_| |  ) ) ) )
  '  |____| .__|_| |_|_| |_\__, | / / / /
 =========|_|==============|___/=/_/_/_/
 :: Spring Boot ::                (v2.5.4)

2021-12-11 15:42:09.347  INFO 80984 --- [    Test worker] c.c.tasks.controller.TaskControllerTest  : Starting TaskControllerTest using Java 15.0.2 on MacBook-Pro-Mateusz.local with PID 80984 (started by mati in /Users/mateuszolszak/IdeaProjects/KodillaSpring)
2021-12-11 15:42:09.349  INFO 80984 --- [    Test worker] c.c.tasks.controller.TaskControllerTest  : No active profile set, falling back to default profiles: default
2021-12-11 15:42:09.705  INFO 80984 --- [    Test worker] o.s.b.a.w.s.WelcomePageHandlerMapping    : Adding welcome page template: index
2021-12-11 15:42:09.829  INFO 80984 --- [    Test worker] o.s.b.t.m.w.SpringBootMockServletContext : Initializing Spring TestDispatcherServlet ''
2021-12-11 15:42:09.829  INFO 80984 --- [    Test worker] o.s.t.web.servlet.TestDispatcherServlet  : Initializing Servlet ''
2021-12-11 15:42:09.830  INFO 80984 --- [    Test worker] o.s.t.web.servlet.TestDispatcherServlet  : Completed initialization in 0 ms
2021-12-11 15:42:09.843  INFO 80984 --- [    Test worker] c.c.tasks.controller.TaskControllerTest  : Started TaskControllerTest in 0.524 seconds (JVM running for 4.063)
]]></system-out>
  <system-err><![CDATA[]]></system-err>
</testsuite>
