<?xml version="1.0" encoding="UTF-8"?>
<testsuite name="com.crud.tasks.controller.TaskControllerTest" tests="4" skipped="0" failures="0" errors="0" timestamp="2021-12-07T07:31:41" hostname="MacBook-Pro-Mateusz.local" time="0.042">
  <properties/>
  <testcase name="testFetchTask()" classname="com.crud.tasks.controller.TaskControllerTest" time="0.017"/>
  <testcase name="testFetchTasks()" classname="com.crud.tasks.controller.TaskControllerTest" time="0.008"/>
  <testcase name="testFetchTasks_returnsEmptyList()" classname="com.crud.tasks.controller.TaskControllerTest" time="0.006"/>
  <testcase name="testDeleteTask()" classname="com.crud.tasks.controller.TaskControllerTest" time="0.006"/>
  <system-out><![CDATA[2021-12-07 08:31:40.971  INFO 40177 --- [    Test worker] o.s.t.c.support.AbstractContextLoader    : Could not detect default resource locations for test class [com.crud.tasks.controller.TaskControllerTest]: no resource found for suffixes {-context.xml, Context.groovy}.
2021-12-07 08:31:40.971  INFO 40177 --- [    Test worker] t.c.s.AnnotationConfigContextLoaderUtils : Could not detect default configuration classes for test class [com.crud.tasks.controller.TaskControllerTest]: TaskControllerTest does not declare any static, non-private, non-final, nested classes annotated with @Configuration.
2021-12-07 08:31:40.976  INFO 40177 --- [    Test worker] .b.t.c.SpringBootTestContextBootstrapper : Found @SpringBootConfiguration com.crud.tasks.TasksApplication for test class com.crud.tasks.controller.TaskControllerTest
2021-12-07 08:31:40.977  INFO 40177 --- [    Test worker] .b.t.a.w.s.WebMvcTestContextBootstrapper : Loaded default TestExecutionListener class names from location [META-INF/spring.factories]: [org.springframework.boot.test.autoconfigure.restdocs.RestDocsTestExecutionListener, org.springframework.boot.test.autoconfigure.web.client.MockRestServiceServerResetTestExecutionListener, org.springframework.boot.test.autoconfigure.web.servlet.MockMvcPrintOnlyOnFailureTestExecutionListener, org.springframework.boot.test.autoconfigure.web.servlet.WebDriverTestExecutionListener, org.springframework.boot.test.autoconfigure.webservices.client.MockWebServiceServerTestExecutionListener, org.springframework.boot.test.mock.mockito.MockitoTestExecutionListener, org.springframework.boot.test.mock.mockito.ResetMocksTestExecutionListener, org.springframework.test.context.web.ServletTestExecutionListener, org.springframework.test.context.support.DirtiesContextBeforeModesTestExecutionListener, org.springframework.test.context.event.ApplicationEventsTestExecutionListener, org.springframework.test.context.support.DependencyInjectionTestExecutionListener, org.springframework.test.context.support.DirtiesContextTestExecutionListener, org.springframework.test.context.transaction.TransactionalTestExecutionListener, org.springframework.test.context.jdbc.SqlScriptsTestExecutionListener, org.springframework.test.context.event.EventPublishingTestExecutionListener]
2021-12-07 08:31:40.978  INFO 40177 --- [    Test worker] .b.t.a.w.s.WebMvcTestContextBootstrapper : Using TestExecutionListeners: [org.springframework.test.context.web.ServletTestExecutionListener@36f98201, org.springframework.test.context.support.DirtiesContextBeforeModesTestExecutionListener@4996b5df, org.springframework.test.context.event.ApplicationEventsTestExecutionListener@636154a, org.springframework.boot.test.mock.mockito.MockitoTestExecutionListener@411851eb, org.springframework.boot.test.autoconfigure.SpringBootDependencyInjectionTestExecutionListener@3b8b3a43, org.springframework.test.context.support.DirtiesContextTestExecutionListener@474f48a0, org.springframework.test.context.transaction.TransactionalTestExecutionListener@71e58946, org.springframework.test.context.jdbc.SqlScriptsTestExecutionListener@72f10998, org.springframework.test.context.event.EventPublishingTestExecutionListener@10ca7ca7, org.springframework.boot.test.autoconfigure.restdocs.RestDocsTestExecutionListener@2d7d3c56, org.springframework.boot.test.autoconfigure.web.client.MockRestServiceServerResetTestExecutionListener@700f3f06, org.springframework.boot.test.autoconfigure.web.servlet.MockMvcPrintOnlyOnFailureTestExecutionListener@a484556, org.springframework.boot.test.autoconfigure.web.servlet.WebDriverTestExecutionListener@49243ffc, org.springframework.boot.test.autoconfigure.webservices.client.MockWebServiceServerTestExecutionListener@dff3502, org.springframework.boot.test.mock.mockito.ResetMocksTestExecutionListener@401dcb4]

  .   ____          _            __ _ _
 /\\ / ___'_ __ _ _(_)_ __  __ _ \ \ \ \
( ( )\___ | '_ | '_| | '_ \/ _` | \ \ \ \
 \\/  ___)| |_)| | | | | || (_| |  ) ) ) )
  '  |____| .__|_| |_|_| |_\__, | / / / /
 =========|_|==============|___/=/_/_/_/
 :: Spring Boot ::                (v2.5.4)

2021-12-07 08:31:40.999  INFO 40177 --- [    Test worker] c.c.tasks.controller.TaskControllerTest  : Starting TaskControllerTest using Java 15.0.2 on MacBook-Pro-Mateusz.local with PID 40177 (started by mati in /Users/mateuszolszak/IdeaProjects/KodillaSpring)
2021-12-07 08:31:41.000  INFO 40177 --- [    Test worker] c.c.tasks.controller.TaskControllerTest  : No active profile set, falling back to default profiles: default
2021-12-07 08:31:41.380  INFO 40177 --- [    Test worker] o.s.b.t.m.w.SpringBootMockServletContext : Initializing Spring TestDispatcherServlet ''
2021-12-07 08:31:41.380  INFO 40177 --- [    Test worker] o.s.t.web.servlet.TestDispatcherServlet  : Initializing Servlet ''
2021-12-07 08:31:41.380  INFO 40177 --- [    Test worker] o.s.t.web.servlet.TestDispatcherServlet  : Completed initialization in 0 ms
2021-12-07 08:31:41.391  INFO 40177 --- [    Test worker] c.c.tasks.controller.TaskControllerTest  : Started TaskControllerTest in 0.411 seconds (JVM running for 4.578)
]]></system-out>
  <system-err><![CDATA[]]></system-err>
</testsuite>
