<?xml version="1.0" encoding="UTF-8"?>
<testsuite name="com.crud.tasks.controller.TaskControllerTest" tests="6" skipped="0" failures="0" errors="0" timestamp="2021-11-25T12:11:50" hostname="MBP-Mateusz" time="0.125">
  <properties/>
  <testcase name="testUpdateTask()" classname="com.crud.tasks.controller.TaskControllerTest" time="0.033"/>
  <testcase name="testFetchTask()" classname="com.crud.tasks.controller.TaskControllerTest" time="0.02"/>
  <testcase name="testFetchTasks()" classname="com.crud.tasks.controller.TaskControllerTest" time="0.013"/>
  <testcase name="testFetchTasks_returnsEmptyList()" classname="com.crud.tasks.controller.TaskControllerTest" time="0.012"/>
  <testcase name="testCreateTask()" classname="com.crud.tasks.controller.TaskControllerTest" time="0.015"/>
  <testcase name="testDeleteTask()" classname="com.crud.tasks.controller.TaskControllerTest" time="0.019"/>
  <system-out><![CDATA[2021-11-25 13:11:50.073  INFO 9675 --- [    Test worker] o.s.t.c.support.AbstractContextLoader    : Could not detect default resource locations for test class [com.crud.tasks.controller.TaskControllerTest]: no resource found for suffixes {-context.xml, Context.groovy}.
2021-11-25 13:11:50.074  INFO 9675 --- [    Test worker] t.c.s.AnnotationConfigContextLoaderUtils : Could not detect default configuration classes for test class [com.crud.tasks.controller.TaskControllerTest]: TaskControllerTest does not declare any static, non-private, non-final, nested classes annotated with @Configuration.
2021-11-25 13:11:50.084  INFO 9675 --- [    Test worker] .b.t.c.SpringBootTestContextBootstrapper : Found @SpringBootConfiguration com.crud.tasks.TasksApplication for test class com.crud.tasks.controller.TaskControllerTest
2021-11-25 13:11:50.088  INFO 9675 --- [    Test worker] .b.t.a.w.s.WebMvcTestContextBootstrapper : Loaded default TestExecutionListener class names from location [META-INF/spring.factories]: [org.springframework.boot.test.autoconfigure.restdocs.RestDocsTestExecutionListener, org.springframework.boot.test.autoconfigure.web.client.MockRestServiceServerResetTestExecutionListener, org.springframework.boot.test.autoconfigure.web.servlet.MockMvcPrintOnlyOnFailureTestExecutionListener, org.springframework.boot.test.autoconfigure.web.servlet.WebDriverTestExecutionListener, org.springframework.boot.test.autoconfigure.webservices.client.MockWebServiceServerTestExecutionListener, org.springframework.boot.test.mock.mockito.MockitoTestExecutionListener, org.springframework.boot.test.mock.mockito.ResetMocksTestExecutionListener, org.springframework.test.context.web.ServletTestExecutionListener, org.springframework.test.context.support.DirtiesContextBeforeModesTestExecutionListener, org.springframework.test.context.event.ApplicationEventsTestExecutionListener, org.springframework.test.context.support.DependencyInjectionTestExecutionListener, org.springframework.test.context.support.DirtiesContextTestExecutionListener, org.springframework.test.context.transaction.TransactionalTestExecutionListener, org.springframework.test.context.jdbc.SqlScriptsTestExecutionListener, org.springframework.test.context.event.EventPublishingTestExecutionListener]
2021-11-25 13:11:50.090  INFO 9675 --- [    Test worker] .b.t.a.w.s.WebMvcTestContextBootstrapper : Using TestExecutionListeners: [org.springframework.test.context.web.ServletTestExecutionListener@4d3bc2ba, org.springframework.test.context.support.DirtiesContextBeforeModesTestExecutionListener@13bd7017, org.springframework.test.context.event.ApplicationEventsTestExecutionListener@203d6464, org.springframework.boot.test.mock.mockito.MockitoTestExecutionListener@1de46b8b, org.springframework.boot.test.autoconfigure.SpringBootDependencyInjectionTestExecutionListener@e59549f, org.springframework.test.context.support.DirtiesContextTestExecutionListener@769cb08b, org.springframework.test.context.transaction.TransactionalTestExecutionListener@3d49e478, org.springframework.test.context.jdbc.SqlScriptsTestExecutionListener@3cf7869, org.springframework.test.context.event.EventPublishingTestExecutionListener@47763923, org.springframework.boot.test.autoconfigure.restdocs.RestDocsTestExecutionListener@54fdd1ae, org.springframework.boot.test.autoconfigure.web.client.MockRestServiceServerResetTestExecutionListener@2665956d, org.springframework.boot.test.autoconfigure.web.servlet.MockMvcPrintOnlyOnFailureTestExecutionListener@5e91bdf8, org.springframework.boot.test.autoconfigure.web.servlet.WebDriverTestExecutionListener@28582828, org.springframework.boot.test.autoconfigure.webservices.client.MockWebServiceServerTestExecutionListener@1292fc2c, org.springframework.boot.test.mock.mockito.ResetMocksTestExecutionListener@18d6ddee]

  .   ____          _            __ _ _
 /\\ / ___'_ __ _ _(_)_ __  __ _ \ \ \ \
( ( )\___ | '_ | '_| | '_ \/ _` | \ \ \ \
 \\/  ___)| |_)| | | | | || (_| |  ) ) ) )
  '  |____| .__|_| |_|_| |_\__, | / / / /
 =========|_|==============|___/=/_/_/_/
 :: Spring Boot ::                (v2.5.4)

2021-11-25 13:11:50.153  INFO 9675 --- [    Test worker] c.c.tasks.controller.TaskControllerTest  : Starting TaskControllerTest using Java 15.0.2 on MBP-Mateusz with PID 9675 (started by mati in /Users/mateuszolszak/IdeaProjects/KodillaSpring)
2021-11-25 13:11:50.157  INFO 9675 --- [    Test worker] c.c.tasks.controller.TaskControllerTest  : No active profile set, falling back to default profiles: default
2021-11-25 13:11:50.867  INFO 9675 --- [    Test worker] o.s.b.t.m.w.SpringBootMockServletContext : Initializing Spring TestDispatcherServlet ''
2021-11-25 13:11:50.867  INFO 9675 --- [    Test worker] o.s.t.web.servlet.TestDispatcherServlet  : Initializing Servlet ''
2021-11-25 13:11:50.869  INFO 9675 --- [    Test worker] o.s.t.web.servlet.TestDispatcherServlet  : Completed initialization in 1 ms
2021-11-25 13:11:50.892  INFO 9675 --- [    Test worker] c.c.tasks.controller.TaskControllerTest  : Started TaskControllerTest in 0.798 seconds (JVM running for 8.63)
]]></system-out>
  <system-err><![CDATA[]]></system-err>
</testsuite>
