<?xml version="1.0" encoding="UTF-8"?>
<testsuite name="com.crud.tasks.service.TrelloServiceTestSuite" tests="2" skipped="0" failures="0" errors="0" timestamp="2021-11-25T04:07:58" hostname="MacBook-Pro-Mateusz.local" time="0.074">
  <properties/>
  <testcase name="testFetchTrelloBoards()" classname="com.crud.tasks.service.TrelloServiceTestSuite" time="0.053"/>
  <testcase name="testCreateTrelloCard()" classname="com.crud.tasks.service.TrelloServiceTestSuite" time="0.021"/>
  <system-out><![CDATA[]]></system-out>
  <system-err><![CDATA[]]></system-err>
</testsuite>
