<?xml version="1.0" encoding="UTF-8"?>
<testsuite name="com.crud.tasks.service.DbServiceTestSuite" tests="4" skipped="0" failures="0" errors="0" timestamp="2021-11-25T12:11:51" hostname="MBP-Mateusz" time="0.143">
  <properties/>
  <testcase name="testSaveTask()" classname="com.crud.tasks.service.DbServiceTestSuite" time="0.125"/>
  <testcase name="testGetAllTasks()" classname="com.crud.tasks.service.DbServiceTestSuite" time="0.004"/>
  <testcase name="testGetTask()" classname="com.crud.tasks.service.DbServiceTestSuite" time="0.004"/>
  <testcase name="testDeleteTask()" classname="com.crud.tasks.service.DbServiceTestSuite" time="0.006"/>
  <system-out><![CDATA[]]></system-out>
  <system-err><![CDATA[]]></system-err>
</testsuite>
