<?xml version="1.0" encoding="UTF-8"?>
<testsuite name="com.crud.tasks.service.SimpleEmailServiceTest" tests="2" skipped="0" failures="0" errors="0" timestamp="2021-11-25T04:07:58" hostname="MacBook-Pro-Mateusz.local" time="0.055">
  <properties/>
  <testcase name="shouldSendEmail()" classname="com.crud.tasks.service.SimpleEmailServiceTest" time="0.047"/>
  <testcase name="testSendMail_throwsMailException()" classname="com.crud.tasks.service.SimpleEmailServiceTest" time="0.007"/>
  <system-out><![CDATA[05:07:58.492 [Test worker] INFO com.crud.tasks.service.SimpleEmailService - Starting email preparation...
05:07:58.495 [Test worker] INFO com.crud.tasks.service.SimpleEmailService - Email has been sent.
]]></system-out>
  <system-err><![CDATA[]]></system-err>
</testsuite>
