<?xml version="1.0" encoding="UTF-8"?>
<testsuite name="com.crud.tasks.client.TrelloClientTest" tests="3" skipped="0" failures="0" errors="0" timestamp="2021-11-24T23:19:59" hostname="MacBook-Pro-Mateusz.local" time="0.504">
  <properties/>
  <testcase name="shouldReturnEmptyList()" classname="com.crud.tasks.client.TrelloClientTest" time="0.491"/>
  <testcase name="shouldFetchTrelloBoards()" classname="com.crud.tasks.client.TrelloClientTest" time="0.006"/>
  <testcase name="shouldCreateCard()" classname="com.crud.tasks.client.TrelloClientTest" time="0.006"/>
  <system-out><![CDATA[]]></system-out>
  <system-err><![CDATA[]]></system-err>
</testsuite>
