<?xml version="1.0" encoding="UTF-8"?>
<testsuite name="com.crud.tasks.service.TrelloServiceTestSuite" tests="2" skipped="0" failures="0" errors="0" timestamp="2021-12-07T07:31:41" hostname="MacBook-Pro-Mateusz.local" time="0.033">
  <properties/>
  <testcase name="testFetchTrelloBoards()" classname="com.crud.tasks.service.TrelloServiceTestSuite" time="0.025"/>
  <testcase name="testCreateTrelloCard()" classname="com.crud.tasks.service.TrelloServiceTestSuite" time="0.007"/>
  <system-out><![CDATA[]]></system-out>
  <system-err><![CDATA[]]></system-err>
</testsuite>
