<?xml version="1.0" encoding="UTF-8"?>
<testsuite name="com.crud.tasks.mapper.TaskMapperTestSuite" tests="3" skipped="0" failures="0" errors="0" timestamp="2021-12-11T14:42:07" hostname="MacBook-Pro-Mateusz.local" time="0.023">
  <properties/>
  <testcase name="testMapToTaskDto()" classname="com.crud.tasks.mapper.TaskMapperTestSuite" time="0.018"/>
  <testcase name="testMapToTaskDtoList()" classname="com.crud.tasks.mapper.TaskMapperTestSuite" time="0.002"/>
  <testcase name="testMapToTask()" classname="com.crud.tasks.mapper.TaskMapperTestSuite" time="0.001"/>
  <system-out><![CDATA[]]></system-out>
  <system-err><![CDATA[]]></system-err>
</testsuite>
