<?xml version="1.0" encoding="UTF-8"?>
<testsuite name="com.crud.tasks.service.DbServiceTestSuite" tests="4" skipped="0" failures="0" errors="0" timestamp="2021-12-11T14:42:09" hostname="MacBook-Pro-Mateusz.local" time="0.038">
  <properties/>
  <testcase name="testSaveTask()" classname="com.crud.tasks.service.DbServiceTestSuite" time="0.029"/>
  <testcase name="testGetAllTasks()" classname="com.crud.tasks.service.DbServiceTestSuite" time="0.002"/>
  <testcase name="testGetTask()" classname="com.crud.tasks.service.DbServiceTestSuite" time="0.002"/>
  <testcase name="testDeleteTask()" classname="com.crud.tasks.service.DbServiceTestSuite" time="0.002"/>
  <system-out><![CDATA[]]></system-out>
  <system-err><![CDATA[]]></system-err>
</testsuite>
