<?xml version="1.0" encoding="UTF-8"?>
<testsuite name="com.crud.tasks.service.TrelloServiceTestSuite" tests="2" skipped="0" failures="0" errors="0" timestamp="2021-11-24T23:19:59" hostname="MacBook-Pro-Mateusz.local" time="0.112">
  <properties/>
  <testcase name="testFetchTrelloBoards()" classname="com.crud.tasks.service.TrelloServiceTestSuite" time="0.082"/>
  <testcase name="testCreateTrelloCard()" classname="com.crud.tasks.service.TrelloServiceTestSuite" time="0.03"/>
  <system-out><![CDATA[]]></system-out>
  <system-err><![CDATA[]]></system-err>
</testsuite>
