<?xml version="1.0" encoding="UTF-8"?>
<testsuite name="com.crud.tasks.client.TrelloClientTest" tests="3" skipped="0" failures="0" errors="0" timestamp="2021-10-07T10:59:27" hostname="MacBook-Pro-Mateusz.local" time="0.758">
  <properties/>
  <testcase name="shouldReturnEmptyList()" classname="com.crud.tasks.client.TrelloClientTest" time="0.747"/>
  <testcase name="shouldFetchTrelloBoards()" classname="com.crud.tasks.client.TrelloClientTest" time="0.005"/>
  <testcase name="shouldCreateCard()" classname="com.crud.tasks.client.TrelloClientTest" time="0.004"/>
  <system-out><![CDATA[]]></system-out>
  <system-err><![CDATA[]]></system-err>
</testsuite>
