<?xml version="1.0" encoding="UTF-8"?>
<testsuite name="com.crud.tasks.mapper.TrelloMapperTestSuite" tests="6" skipped="0" failures="0" errors="0" timestamp="2021-12-06T20:58:05" hostname="MacBook-Pro-Mateusz.local" time="0.098">
  <properties/>
  <testcase name="testMapToTrelloCardDto()" classname="com.crud.tasks.mapper.TrelloMapperTestSuite" time="0.035"/>
  <testcase name="testMapToTrelloBoardList()" classname="com.crud.tasks.mapper.TrelloMapperTestSuite" time="0.005"/>
  <testcase name="testMapToTrelloBoardDtoList()" classname="com.crud.tasks.mapper.TrelloMapperTestSuite" time="0.049"/>
  <testcase name="testMapToTrelloCard()" classname="com.crud.tasks.mapper.TrelloMapperTestSuite" time="0.002"/>
  <testcase name="testMapToTrelloList()" classname="com.crud.tasks.mapper.TrelloMapperTestSuite" time="0.002"/>
  <testcase name="testMapToTrelloListDto()" classname="com.crud.tasks.mapper.TrelloMapperTestSuite" time="0.001"/>
  <system-out><![CDATA[]]></system-out>
  <system-err><![CDATA[]]></system-err>
</testsuite>
