<?xml version="1.0" encoding="UTF-8"?>
<testsuite name="com.crud.tasks.service.SimpleEmailServiceTest" tests="2" skipped="0" failures="0" errors="0" timestamp="2021-11-24T23:19:59" hostname="MacBook-Pro-Mateusz.local" time="0.08">
  <properties/>
  <testcase name="shouldSendEmail()" classname="com.crud.tasks.service.SimpleEmailServiceTest" time="0.071"/>
  <testcase name="testSendMail_throwsMailException()" classname="com.crud.tasks.service.SimpleEmailServiceTest" time="0.007"/>
  <system-out><![CDATA[00:19:59.248 [Test worker] INFO com.crud.tasks.service.SimpleEmailService - Starting email preparation...
00:19:59.252 [Test worker] INFO com.crud.tasks.service.SimpleEmailService - Email has been sent.
]]></system-out>
  <system-err><![CDATA[]]></system-err>
</testsuite>
