<?xml version="1.0" encoding="UTF-8"?>
<testsuite name="com.crud.tasks.service.TrelloServiceTestSuite" tests="2" skipped="0" failures="0" errors="0" timestamp="2021-11-25T12:11:51" hostname="MBP-Mateusz" time="0.124">
  <properties/>
  <testcase name="testFetchTrelloBoards()" classname="com.crud.tasks.service.TrelloServiceTestSuite" time="0.082"/>
  <testcase name="testCreateTrelloCard()" classname="com.crud.tasks.service.TrelloServiceTestSuite" time="0.041"/>
  <system-out><![CDATA[]]></system-out>
  <system-err><![CDATA[]]></system-err>
</testsuite>
