<?xml version="1.0" encoding="UTF-8"?>
<testsuite name="com.crud.tasks.controller.TaskControllerTest" tests="6" skipped="0" failures="0" errors="0" timestamp="2021-12-06T20:58:08" hostname="MacBook-Pro-Mateusz.local" time="0.073">
  <properties/>
  <testcase name="testUpdateTask()" classname="com.crud.tasks.controller.TaskControllerTest" time="0.017"/>
  <testcase name="testFetchTask()" classname="com.crud.tasks.controller.TaskControllerTest" time="0.01"/>
  <testcase name="testFetchTasks()" classname="com.crud.tasks.controller.TaskControllerTest" time="0.01"/>
  <testcase name="testFetchTasks_returnsEmptyList()" classname="com.crud.tasks.controller.TaskControllerTest" time="0.008"/>
  <testcase name="testCreateTask()" classname="com.crud.tasks.controller.TaskControllerTest" time="0.012"/>
  <testcase name="testDeleteTask()" classname="com.crud.tasks.controller.TaskControllerTest" time="0.007"/>
  <system-out><![CDATA[2021-12-06 21:58:08.180  INFO 38590 --- [    Test worker] o.s.t.c.support.AbstractContextLoader    : Could not detect default resource locations for test class [com.crud.tasks.controller.TaskControllerTest]: no resource found for suffixes {-context.xml, Context.groovy}.
2021-12-06 21:58:08.181  INFO 38590 --- [    Test worker] t.c.s.AnnotationConfigContextLoaderUtils : Could not detect default configuration classes for test class [com.crud.tasks.controller.TaskControllerTest]: TaskControllerTest does not declare any static, non-private, non-final, nested classes annotated with @Configuration.
2021-12-06 21:58:08.186  INFO 38590 --- [    Test worker] .b.t.c.SpringBootTestContextBootstrapper : Found @SpringBootConfiguration com.crud.tasks.TasksApplication for test class com.crud.tasks.controller.TaskControllerTest
2021-12-06 21:58:08.188  INFO 38590 --- [    Test worker] .b.t.a.w.s.WebMvcTestContextBootstrapper : Loaded default TestExecutionListener class names from location [META-INF/spring.factories]: [org.springframework.boot.test.autoconfigure.restdocs.RestDocsTestExecutionListener, org.springframework.boot.test.autoconfigure.web.client.MockRestServiceServerResetTestExecutionListener, org.springframework.boot.test.autoconfigure.web.servlet.MockMvcPrintOnlyOnFailureTestExecutionListener, org.springframework.boot.test.autoconfigure.web.servlet.WebDriverTestExecutionListener, org.springframework.boot.test.autoconfigure.webservices.client.MockWebServiceServerTestExecutionListener, org.springframework.boot.test.mock.mockito.MockitoTestExecutionListener, org.springframework.boot.test.mock.mockito.ResetMocksTestExecutionListener, org.springframework.test.context.web.ServletTestExecutionListener, org.springframework.test.context.support.DirtiesContextBeforeModesTestExecutionListener, org.springframework.test.context.event.ApplicationEventsTestExecutionListener, org.springframework.test.context.support.DependencyInjectionTestExecutionListener, org.springframework.test.context.support.DirtiesContextTestExecutionListener, org.springframework.test.context.transaction.TransactionalTestExecutionListener, org.springframework.test.context.jdbc.SqlScriptsTestExecutionListener, org.springframework.test.context.event.EventPublishingTestExecutionListener]
2021-12-06 21:58:08.189  INFO 38590 --- [    Test worker] .b.t.a.w.s.WebMvcTestContextBootstrapper : Using TestExecutionListeners: [org.springframework.test.context.web.ServletTestExecutionListener@649e6cb0, org.springframework.test.context.support.DirtiesContextBeforeModesTestExecutionListener@17787c9b, org.springframework.test.context.event.ApplicationEventsTestExecutionListener@1034add, org.springframework.boot.test.mock.mockito.MockitoTestExecutionListener@5ca51acc, org.springframework.boot.test.autoconfigure.SpringBootDependencyInjectionTestExecutionListener@4bc91604, org.springframework.test.context.support.DirtiesContextTestExecutionListener@1f012742, org.springframework.test.context.transaction.TransactionalTestExecutionListener@4cfd3dd, org.springframework.test.context.jdbc.SqlScriptsTestExecutionListener@7048caf2, org.springframework.test.context.event.EventPublishingTestExecutionListener@73328bc9, org.springframework.boot.test.autoconfigure.restdocs.RestDocsTestExecutionListener@651f89da, org.springframework.boot.test.autoconfigure.web.client.MockRestServiceServerResetTestExecutionListener@1fb4ef9f, org.springframework.boot.test.autoconfigure.web.servlet.MockMvcPrintOnlyOnFailureTestExecutionListener@299db9c1, org.springframework.boot.test.autoconfigure.web.servlet.WebDriverTestExecutionListener@4e1603f8, org.springframework.boot.test.autoconfigure.webservices.client.MockWebServiceServerTestExecutionListener@57de02b9, org.springframework.boot.test.mock.mockito.ResetMocksTestExecutionListener@6f2ec7ca]

  .   ____          _            __ _ _
 /\\ / ___'_ __ _ _(_)_ __  __ _ \ \ \ \
( ( )\___ | '_ | '_| | '_ \/ _` | \ \ \ \
 \\/  ___)| |_)| | | | | || (_| |  ) ) ) )
  '  |____| .__|_| |_|_| |_\__, | / / / /
 =========|_|==============|___/=/_/_/_/
 :: Spring Boot ::                (v2.5.4)

2021-12-06 21:58:08.221  INFO 38590 --- [    Test worker] c.c.tasks.controller.TaskControllerTest  : Starting TaskControllerTest using Java 15.0.2 on MacBook-Pro-Mateusz.local with PID 38590 (started by mati in /Users/mateuszolszak/IdeaProjects/KodillaSpring)
2021-12-06 21:58:08.222  INFO 38590 --- [    Test worker] c.c.tasks.controller.TaskControllerTest  : No active profile set, falling back to default profiles: default
2021-12-06 21:58:08.607  INFO 38590 --- [    Test worker] o.s.b.t.m.w.SpringBootMockServletContext : Initializing Spring TestDispatcherServlet ''
2021-12-06 21:58:08.608  INFO 38590 --- [    Test worker] o.s.t.web.servlet.TestDispatcherServlet  : Initializing Servlet ''
2021-12-06 21:58:08.609  INFO 38590 --- [    Test worker] o.s.t.web.servlet.TestDispatcherServlet  : Completed initialization in 1 ms
2021-12-06 21:58:08.622  INFO 38590 --- [    Test worker] c.c.tasks.controller.TaskControllerTest  : Started TaskControllerTest in 0.43 seconds (JVM running for 4.372)
]]></system-out>
  <system-err><![CDATA[]]></system-err>
</testsuite>
