<?xml version="1.0" encoding="UTF-8"?>
<testsuite name="com.crud.tasks.service.SimpleEmailServiceTest" tests="1" skipped="0" failures="0" errors="0" timestamp="2021-12-11T14:42:09" hostname="MacBook-Pro-Mateusz.local" time="0.029">
  <properties/>
  <testcase name="testSendMail_throwsMailException()" classname="com.crud.tasks.service.SimpleEmailServiceTest" time="0.029"/>
  <system-out><![CDATA[]]></system-out>
  <system-err><![CDATA[]]></system-err>
</testsuite>
