<?xml version="1.0" encoding="UTF-8"?>
<testsuite name="com.crud.tasks.mapper.TaskMapperTestSuite" tests="3" skipped="0" failures="0" errors="0" timestamp="2021-12-07T07:31:38" hostname="MacBook-Pro-Mateusz.local" time="0.02">
  <properties/>
  <testcase name="testMapToTaskDto()" classname="com.crud.tasks.mapper.TaskMapperTestSuite" time="0.014"/>
  <testcase name="testMapToTaskDtoList()" classname="com.crud.tasks.mapper.TaskMapperTestSuite" time="0.003"/>
  <testcase name="testMapToTask()" classname="com.crud.tasks.mapper.TaskMapperTestSuite" time="0.001"/>
  <system-out><![CDATA[]]></system-out>
  <system-err><![CDATA[]]></system-err>
</testsuite>
